2019-10-01   53
2019-10-02   53
2019-10-03   53
2019-10-04   53
2019-10-05   54
2019-10-06   57
2019-10-07   60
2019-10-08   61
2019-10-09   64
2019-10-10   69
2019-10-11   72
2019-10-12   76
2019-10-13   83
2019-10-14   86
2019-10-15   88
2019-10-16   90
2019-10-17   96
2019-10-18   99
2019-10-19   100
2019-10-20   102
2019-10-21   103
2019-10-22   104
2019-10-23   105
2019-10-25   106
2019-10-26   107
2019-10-28   108
2019-10-29   109
2019-10-30   110
2019-10-31   111
2019-11-01   112
2019-11-02   113
2019-11-03   115
2019-11-04   116
2019-11-05   117
2019-11-06   118
2019-11-07   119
2019-11-10   120
2019-11-11   121
2019-11-15   122
2019-11-16   124
2019-11-17   125
2019-11-18   126
2019-11-19   127
2019-11-20   128
2019-11-22   129
2019-11-23   130
2019-11-27   131
2019-11-28   132
2019-11-30   133
2019-12-26   133
2020-02-12   134
2020-02-13   137
2020-02-17   139
2020-02-18   140
2020-02-19   141
2020-02-20   144
2020-03-10   147
2020-03-11   148
2020-03-12   150
